[15:11:49] [ServerMain/INFO]: [bootstrap] Running Java 21 (OpenJDK 64-Bit Server VM 21.0.7+6-LTS; Microsoft Microsoft-11369942) on Linux 6.8.0-1030-azure (amd64)
[15:11:49] [ServerMain/INFO]: [bootstrap] Loading Paper 1.21.8-60-main@29c8822 (2025-09-06T21:49:13Z) for Minecraft 1.21.8
[15:11:49] [ServerMain/INFO]: [PluginInitializerManager] Initializing plugins...
[15:11:50] [Paper Plugin Remapper Thread - 2/INFO]: [PluginRemapper] Remapping plugin 'plugins/ChunkLoader-1.0.3.jar'...
[15:11:51] [Paper Plugin Remapper Thread - 2/INFO]: [PluginRemapper] Done remapping plugin 'plugins/ChunkLoader-1.0.3.jar' in 853ms.
[15:11:51] [ServerMain/INFO]: [PluginInitializerManager] Initialized 4 plugins
[15:11:51] [ServerMain/INFO]: [PluginInitializerManager] Bukkit plugins (4):
 - ChunkLoader (1.0.3), SkinsRestorer (15.8.0), Timber (1.7.4), playit-gg (0.1.4)
[15:11:58] [ServerMain/INFO]: Environment: Environment[sessionHost=https://sessionserver.mojang.com, servicesHost=https://api.minecraftservices.com, name=PROD]
[15:12:02] [ServerMain/INFO]: Loaded 1407 recipes
[15:12:02] [ServerMain/INFO]: Loaded 1520 advancements
[15:12:02] [ServerMain/INFO]: [ca.spottedleaf.dataconverter.minecraft.datatypes.MCTypeRegistry] Initialising converters for DataConverter...
[15:12:02] [ServerMain/INFO]: [ca.spottedleaf.dataconverter.minecraft.datatypes.MCTypeRegistry] Finished initialising converters for DataConverter in 774.0ms
[15:12:03] [Server thread/INFO]: Starting minecraft server version 1.21.8
[15:12:03] [Server thread/INFO]: Loading properties
[15:12:03] [Server thread/INFO]: This server is running Paper version 1.21.8-60-main@29c8822 (2025-09-06T21:49:13Z) (Implementing API version 1.21.8-R0.1-SNAPSHOT)
[15:12:03] [Server thread/INFO]: [spark] This server bundles the spark profiler. For more information please visit https://docs.papermc.io/paper/profiling
[15:12:03] [Server thread/INFO]: Using 4 threads for Netty based IO
[15:12:03] [Server thread/INFO]: Server Ping Player Sample Count: 12
[15:12:04] [Server thread/INFO]: [MoonriseCommon] Paper is using 1 worker threads, 1 I/O threads
[15:12:04] [Server thread/INFO]: [ChunkTaskScheduler] Chunk system is using population gen parallelism: true
[15:12:05] [Server thread/INFO]: Default game type: SURVIVAL
[15:12:05] [Server thread/INFO]: Generating keypair
[15:12:05] [Server thread/INFO]: Starting Minecraft server on *:25565
[15:12:05] [Server thread/INFO]: Using epoll channel type
[15:12:05] [Server thread/INFO]: Paper: Using libdeflate (Linux x86_64) compression from Velocity.
[15:12:05] [Server thread/INFO]: Paper: Using OpenSSL 3.x.x (Linux x86_64) cipher from Velocity.
[15:12:05] [Server thread/INFO]: [Timber] Loading server plugin Timber v1.7.4
[15:12:05] [Server thread/INFO]: [playit-gg] Loading server plugin playit-gg v0.1.4
[15:12:05] [Server thread/INFO]: [ChunkLoader] Loading server plugin ChunkLoader v1.0.3
[15:12:05] [Server thread/INFO]: [SkinsRestorer] Loading server plugin SkinsRestorer v15.8.0
[15:12:05] [Server thread/INFO]: Server permissions file permissions.yml is empty, ignoring it
[15:12:05] [Server thread/INFO]: [SkinsRestorer] Enabling SkinsRestorer v15.8.0
[15:12:07] [Server thread/INFO]: [SkinsRestorer] Running on Minecraft 1.21.8.
[15:12:08] [Server thread/INFO]: [SkinsRestorer] Using paper join listener!
[15:12:08] [Server thread/WARN]: **** SERVER IS RUNNING IN OFFLINE/INSECURE MODE!
[15:12:08] [Server thread/WARN]: The server will make no attempt to authenticate usernames. Beware.
[15:12:08] [Server thread/WARN]: While this makes the game possible to play without internet access, it also opens up the ability for hackers to connect with any username they choose.
[15:12:08] [Server thread/WARN]: To change this, set "online-mode" to "true" in the server.properties file.
[15:12:08] [Server thread/INFO]: Preparing level "world"
[15:12:08] [Folia Async Scheduler Thread #1/INFO]: [SkinsRestorer] ----------------------------------------------
[15:12:08] [Folia Async Scheduler Thread #1/INFO]: [SkinsRestorer]     +==================+
[15:12:08] [Folia Async Scheduler Thread #1/INFO]: [SkinsRestorer]     |   SkinsRestorer  |
[15:12:08] [Folia Async Scheduler Thread #1/INFO]: [SkinsRestorer]     |------------------|
[15:12:08] [Folia Async Scheduler Thread #1/INFO]: [SkinsRestorer]     |  Standalone Mode |
[15:12:08] [Folia Async Scheduler Thread #1/INFO]: [SkinsRestorer]     +==================+
[15:12:08] [Folia Async Scheduler Thread #1/INFO]: [SkinsRestorer] ----------------------------------------------
[15:12:08] [Folia Async Scheduler Thread #1/INFO]: [SkinsRestorer]     Version: 15.8.0
[15:12:08] [Folia Async Scheduler Thread #1/INFO]: [SkinsRestorer]     Commit: 752814e
[15:12:08] [Folia Async Scheduler Thread #1/INFO]: [SkinsRestorer]     This is the latest version!
[15:12:08] [Folia Async Scheduler Thread #1/INFO]: [SkinsRestorer] ----------------------------------------------
[15:12:08] [Folia Async Scheduler Thread #1/INFO]: [SkinsRestorer] Do you have issues? Read our troubleshooting guide: https://skinsrestorer.net/docs/troubleshooting
[15:12:08] [Folia Async Scheduler Thread #1/INFO]: [SkinsRestorer] Want to support SkinsRestorer? Consider donating: https://skinsrestorer.net/donate
[15:12:09] [Server thread/INFO]: Preparing start region for dimension minecraft:overworld
[15:12:09] [Server thread/INFO]: Preparing spawn area: 0%
[15:12:10] [Server thread/INFO]: Preparing spawn area: 2%
[15:12:10] [Server thread/INFO]: Preparing spawn area: 2%
[15:12:11] [Server thread/INFO]: Preparing spawn area: 93%
[15:12:11] [Server thread/INFO]: Preparing spawn area: 93%
[15:12:11] [Server thread/INFO]: Time elapsed: 2204 ms
[15:12:11] [Server thread/INFO]: Preparing start region for dimension minecraft:the_nether
[15:12:12] [Server thread/INFO]: Preparing spawn area: 0%
[15:12:12] [Server thread/INFO]: Preparing spawn area: 0%
[15:12:12] [Server thread/INFO]: Time elapsed: 904 ms
[15:12:12] [Server thread/INFO]: Preparing start region for dimension minecraft:the_end
[15:12:12] [Server thread/INFO]: Preparing spawn area: 0%
[15:12:12] [Server thread/INFO]: Time elapsed: 244 ms
[15:12:12] [Server thread/INFO]: [Timber] Enabling Timber v1.7.4
[15:12:13] [Server thread/WARN]: LogBlock isn't injected! 
[15:12:13] [Server thread/WARN]: Install the plugin to improve tree detection 
[15:12:13] [Server thread/WARN]: Download link: https://www.curseforge.com/minecraft/bukkit-plugins/logblocks 
[15:12:13] [Server thread/INFO]: [playit-gg] Enabling playit-gg v0.1.4
[15:12:13] [Thread-11/INFO]: [gg.playit.minecraft.PlayitKeysSetup] secret key found, checking
[15:12:13] [Thread-11/INFO]: [gg.playit.minecraft.PlayitKeysSetup] check secret
[15:12:13] [Server thread/INFO]: [ChunkLoader] Enabling ChunkLoader v1.0.3
[15:12:14] [Thread-11/INFO]: [gg.playit.minecraft.PlayitKeysSetup] found minecraft java tunnel: expected-clinical.gl.joinmc.link
[15:12:14] [Thread-11/INFO]: [gg.playit.minecraft.PlayitManager] keys and tunnel setup
[15:12:14] [Thread-11/WARN]: [gg.playit.control.ChannelSetup] Got IO error working with :control.playit.gg/2602:fbaf:860:2:0:0:0:1, error : java.net.SocketException: Network is unreachable
[15:12:14] [Thread-11/INFO]: [gg.playit.control.ChannelSetup] request queued, waiting 1 second before resend
[15:12:14] [Server thread/INFO]: [spark] Starting background profiler...
[15:12:15] [Server thread/INFO]: Done preparing level "world" (6.617s)
[15:12:15] [Server thread/INFO]: Running delayed init tasks
[15:12:15] [Server thread/INFO]: Done (27.057s)! For help, type "help"
[15:12:15] [Thread-11/INFO]: [gg.playit.control.ChannelSetup] request queued, waiting 1 second before resend
[15:12:28] [Server thread/INFO]: [ChunkLoader] Plugin reloaded
[15:16:17] [Thread-11/INFO]: [gg.playit.control.ChannelSetup] send keep alive
[15:16:29] [Thread-11/INFO]: [gg.playit.control.ChannelSetup] send keep alive
[15:20:18] [Thread-11/INFO]: [gg.playit.control.ChannelSetup] send keep alive
[15:20:30] [Thread-11/INFO]: [gg.playit.control.ChannelSetup] send keep alive
[15:21:33] [Thread-11/INFO]: [gg.playit.minecraft.PlayitManager] got new client: NewClient{connectAddr=147.185.221.211:43308, peerAddr=177.37.184.101:42537, claimAddress=209.25.140.2:43784, claimToken=[44, 0, 68, -109, -71, -35, -45, -87, 44, -79, 37, -72, 101, -90, 41, 54, -66, 40, 82, -85, 8, 104, -44, 12, 125, 0, 0, 0, 0, 0, 16, -95, -123, 0, 0, 0, 0, 0, 76, -74, -31, 0, 0, 0, 0, 0, 35, -2, 36, 126, 82, -85, 8, 0, 0, 0, 0, 20, 0, 0, 0, 0, 0, 0, 0, 4, 0, 0, -61, 55, -121, -60, -18, -72, 25, 93, 111, -68, 11, -128, -14, -78, -105, 126], tunnelServerId=4, dataCenterId=20}
[15:21:33] [Thread-11/INFO]: [gg.playit.minecraft.PlayitManager] starting tcp tunnel for client
[15:21:33] [Thread-11/INFO]: [gg.playit.minecraft.PlayitTcpTunnel] start connection to /209.25.140.2:43784 to claim client
[15:21:33] [nioEventLoopGroup-2-1/INFO]: [gg.playit.minecraft.PlayitTcpTunnel] connected to tunnel server, sending claim token
[15:21:33] [nioEventLoopGroup-2-1/INFO]: [gg.playit.minecraft.PlayitTcpTunnel] claim token sent
[15:21:33] [nioEventLoopGroup-2-1/INFO]: [gg.playit.minecraft.PlayitTcpTunnel] connection to tunnel server has been established
[15:21:33] [nioEventLoopGroup-2-1/INFO]: [gg.playit.minecraft.PlayitTcpTunnel] Reflect: ReflectionHelper{ServerConnection=class net.minecraft.server.network.ServerConnectionListener, LegacyPingHandler=class net.minecraft.server.network.LegacyQueryHandler, MinecraftServer=class net.minecraft.server.MinecraftServer, PacketSplitter=class net.minecraft.network.Varint21FrameDecoder, PacketDecoder=class net.minecraft.network.PacketDecoder, EnumProtocolDirection=class net.minecraft.network.protocol.PacketFlow, PacketPrepender=class net.minecraft.network.Varint21LengthFieldPrepender, PacketEncoder=class net.minecraft.network.PacketEncoder, NetworkManagerServer=class net.minecraft.network.RateKickingConnection, NetworkManager=class net.minecraft.network.Connection, HandshakeListener=class net.minecraft.server.network.ServerHandshakePacketListenerImpl, PacketListener=interface net.minecraft.network.PacketListener, CraftServer=class org.bukkit.craftbukkit.CraftServer}
[15:21:33] [nioEventLoopGroup-2-1/INFO]: [gg.playit.minecraft.PlayitTcpTunnel] legacyPingHandler is null
[15:21:33] [nioEventLoopGroup-2-1/INFO]: [gg.playit.minecraft.PlayitTcpTunnel] connecting to minecraft server at localhost/127.0.0.1:25565
[15:21:33] [nioEventLoopGroup-2-2/INFO]: [gg.playit.minecraft.PlayitTcpTunnel] connected to local minecraft server
[15:21:33] [Thread-11/INFO]: [gg.playit.minecraft.PlayitManager] got new client: NewClient{connectAddr=147.185.221.211:43308, peerAddr=177.37.184.101:42532, claimAddress=209.25.140.2:43784, claimToken=[44, 0, 68, -109, -71, -35, -45, -87, 44, -79, 37, -72, 101, -90, 36, -29, -128, -2, 109, -85, 8, 104, -44, 12, 125, 0, 0, 0, 0, 0, 16, -95, -123, 0, 0, 0, 0, 0, 76, -74, -31, 0, 0, 0, 0, 0, 35, -2, 36, 5, 109, -85, 8, 0, 0, 0, 0, 20, 0, 0, 0, 0, 0, 0, 0, 3, 0, 0, 74, -105, -81, 71, -97, 88, 62, -94, -45, 73, 5, -97, -126, 68, -1, -24], tunnelServerId=3, dataCenterId=20}
[15:21:33] [Thread-11/INFO]: [gg.playit.minecraft.PlayitManager] starting tcp tunnel for client
[15:21:33] [Thread-11/INFO]: [gg.playit.minecraft.PlayitTcpTunnel] start connection to /209.25.140.2:43784 to claim client
[15:21:33] [nioEventLoopGroup-2-3/INFO]: [gg.playit.minecraft.PlayitTcpTunnel] connected to tunnel server, sending claim token
[15:21:33] [nioEventLoopGroup-2-3/INFO]: [gg.playit.minecraft.PlayitTcpTunnel] claim token sent
[15:21:33] [nioEventLoopGroup-2-3/INFO]: [gg.playit.minecraft.PlayitTcpTunnel] connection to tunnel server has been established
[15:21:33] [nioEventLoopGroup-2-3/INFO]: [gg.playit.minecraft.PlayitTcpTunnel] Reflect: ReflectionHelper{ServerConnection=class net.minecraft.server.network.ServerConnectionListener, LegacyPingHandler=class net.minecraft.server.network.LegacyQueryHandler, MinecraftServer=class net.minecraft.server.MinecraftServer, PacketSplitter=class net.minecraft.network.Varint21FrameDecoder, PacketDecoder=class net.minecraft.network.PacketDecoder, EnumProtocolDirection=class net.minecraft.network.protocol.PacketFlow, PacketPrepender=class net.minecraft.network.Varint21LengthFieldPrepender, PacketEncoder=class net.minecraft.network.PacketEncoder, NetworkManagerServer=class net.minecraft.network.RateKickingConnection, NetworkManager=class net.minecraft.network.Connection, HandshakeListener=class net.minecraft.server.network.ServerHandshakePacketListenerImpl, PacketListener=interface net.minecraft.network.PacketListener, CraftServer=class org.bukkit.craftbukkit.CraftServer}
[15:21:33] [nioEventLoopGroup-2-3/INFO]: [gg.playit.minecraft.PlayitTcpTunnel] legacyPingHandler is null
[15:21:33] [nioEventLoopGroup-2-3/INFO]: [gg.playit.minecraft.PlayitTcpTunnel] connecting to minecraft server at localhost/127.0.0.1:25565
[15:21:33] [nioEventLoopGroup-2-4/INFO]: [gg.playit.minecraft.PlayitTcpTunnel] connected to local minecraft server
[15:21:34] [User Authenticator #0/INFO]: UUID of player VELCR0N is de34511e-77c2-3587-8e33-8ec4915c3672
[15:21:34] [Server thread/INFO]: [HorriblePlayerLoginEventHack] You have plugins listening to the PlayerLoginEvent, this will cause re-configuration APIs to be unavailable: [SkinsRestorer]
[15:21:36] [Server thread/INFO]: Environment: Environment[sessionHost=https://sessionserver.mojang.com, servicesHost=https://api.minecraftservices.com, name=PROD]
[15:21:36] [Server thread/INFO]: VELCR0N joined the game
[15:21:36] [Server thread/INFO]: VELCR0N[/127.0.0.1:41816] logged in with entity id 183 at ([world]274.06080529150637, 103.0, 571.8314032953447)
[15:22:19] [nioEventLoopGroup-2-3/WARN]: [gg.playit.minecraft.PlayitTcpTunnel] failed to send data to tunnel
[15:22:19] [Server thread/INFO]: VELCR0N lost connection: Disconnected
[15:22:19] [Server thread/INFO]: VELCR0N left the game
[15:22:24] [Thread-11/INFO]: [gg.playit.minecraft.PlayitManager] got new client: NewClient{connectAddr=147.185.221.211:43308, peerAddr=177.37.184.101:42549, claimAddress=209.25.140.2:43784, claimToken=[44, 0, 68, -109, -71, -35, -45, -87, 44, -79, 37, -72, 101, -90, 53, -54, 31, 76, 52, -85, 8, 104, -44, 12, -80, 0, 0, 0, 0, 0, 16, -95, -123, 0, 0, 0, 0, 0, 76, -74, -31, 0, 0, 0, 0, 0, 35, -2, 36, 108, 52, -85, 8, 0, 0, 0, 0, 20, 0, 0, 0, 0, 0, 0, 0, 3, 0, 0, 97, -108, 78, -113, 72, -68, -31, -97, -70, 16, -82, 10, 75, -21, 35, 60], tunnelServerId=3, dataCenterId=20}
[15:22:24] [Thread-11/INFO]: [gg.playit.minecraft.PlayitManager] starting tcp tunnel for client
[15:22:24] [Thread-11/INFO]: [gg.playit.minecraft.PlayitTcpTunnel] start connection to /209.25.140.2:43784 to claim client
[15:22:24] [nioEventLoopGroup-2-1/INFO]: [gg.playit.minecraft.PlayitTcpTunnel] connected to tunnel server, sending claim token
[15:22:24] [nioEventLoopGroup-2-1/INFO]: [gg.playit.minecraft.PlayitTcpTunnel] claim token sent
[15:22:24] [nioEventLoopGroup-2-1/INFO]: [gg.playit.minecraft.PlayitTcpTunnel] connection to tunnel server has been established
[15:22:24] [nioEventLoopGroup-2-1/INFO]: [gg.playit.minecraft.PlayitTcpTunnel] Reflect: ReflectionHelper{ServerConnection=class net.minecraft.server.network.ServerConnectionListener, LegacyPingHandler=class net.minecraft.server.network.LegacyQueryHandler, MinecraftServer=class net.minecraft.server.MinecraftServer, PacketSplitter=class net.minecraft.network.Varint21FrameDecoder, PacketDecoder=class net.minecraft.network.PacketDecoder, EnumProtocolDirection=class net.minecraft.network.protocol.PacketFlow, PacketPrepender=class net.minecraft.network.Varint21LengthFieldPrepender, PacketEncoder=class net.minecraft.network.PacketEncoder, NetworkManagerServer=class net.minecraft.network.RateKickingConnection, NetworkManager=class net.minecraft.network.Connection, HandshakeListener=class net.minecraft.server.network.ServerHandshakePacketListenerImpl, PacketListener=interface net.minecraft.network.PacketListener, CraftServer=class org.bukkit.craftbukkit.CraftServer}
[15:22:24] [nioEventLoopGroup-2-1/INFO]: [gg.playit.minecraft.PlayitTcpTunnel] legacyPingHandler is null
[15:22:24] [nioEventLoopGroup-2-1/INFO]: [gg.playit.minecraft.PlayitTcpTunnel] connecting to minecraft server at localhost/127.0.0.1:25565
[15:22:24] [nioEventLoopGroup-2-2/INFO]: [gg.playit.minecraft.PlayitTcpTunnel] connected to local minecraft server
[15:24:18] [Thread-11/INFO]: [gg.playit.control.ChannelSetup] send keep alive
[15:24:30] [Thread-11/INFO]: [gg.playit.control.ChannelSetup] send keep alive
[15:28:19] [Thread-11/INFO]: [gg.playit.control.ChannelSetup] send keep alive
[15:28:31] [Thread-11/INFO]: [gg.playit.control.ChannelSetup] send keep alive
[15:32:19] [Thread-11/INFO]: [gg.playit.control.ChannelSetup] send keep alive
[15:32:32] [Thread-11/INFO]: [gg.playit.control.ChannelSetup] send keep alive
[15:36:20] [Thread-11/INFO]: [gg.playit.control.ChannelSetup] send keep alive
[15:36:32] [Thread-11/INFO]: [gg.playit.control.ChannelSetup] send keep alive
[15:40:21] [Thread-11/INFO]: [gg.playit.control.ChannelSetup] send keep alive
[15:40:33] [Thread-11/INFO]: [gg.playit.control.ChannelSetup] send keep alive
[15:44:22] [Thread-11/INFO]: [gg.playit.control.ChannelSetup] send keep alive
[15:44:34] [Thread-11/INFO]: [gg.playit.control.ChannelSetup] send keep alive
[15:48:22] [Thread-11/INFO]: [gg.playit.control.ChannelSetup] send keep alive
[15:48:34] [Thread-11/INFO]: [gg.playit.control.ChannelSetup] send keep alive
[15:52:23] [Thread-11/INFO]: [gg.playit.control.ChannelSetup] send keep alive
[15:52:35] [Thread-11/INFO]: [gg.playit.control.ChannelSetup] send keep alive
[15:56:24] [Thread-11/INFO]: [gg.playit.control.ChannelSetup] send keep alive
[15:56:36] [Thread-11/INFO]: [gg.playit.control.ChannelSetup] send keep alive
[15:56:55] [Server thread/INFO]: Stopping the server
[15:56:55] [Server thread/INFO]: Stopping server
[15:56:55] [Server thread/INFO]: [SkinsRestorer] Disabling SkinsRestorer v15.8.0
[15:56:55] [Server thread/INFO]: [ChunkLoader] Disabling ChunkLoader v1.0.3
[15:56:55] [Server thread/INFO]: [playit-gg] Disabling playit-gg v0.1.4
[15:56:55] [Server thread/INFO]: [Timber] Disabling Timber v1.7.4
[15:56:55] [Server thread/INFO]: Saving players
[15:56:55] [Server thread/INFO]: Saving worlds
[15:56:55] [Server thread/INFO]: Saving chunks for level 'ServerLevel[world]'/minecraft:overworld
[15:56:55] [Server thread/INFO]: [ChunkHolderManager] Waiting 60s for chunk system to halt for world 'world'
[15:56:55] [Server thread/INFO]: [ChunkHolderManager] Halted chunk system for world 'world'
[15:56:55] [Server thread/INFO]: [ChunkHolderManager] Saving all chunkholders for world 'world'
[15:56:55] [Server thread/INFO]: [ChunkHolderManager] Saved 1 block chunks, 151 entity chunks, 0 poi chunks in world 'world' in 0.07s
[15:56:55] [Server thread/INFO]: [ChunkHolderManager] Waiting 60s for chunk I/O to halt for world 'world'
[15:56:55] [Server thread/INFO]: [ChunkHolderManager] Halted I/O scheduler for world 'world'
[15:56:55] [Server thread/INFO]: Saving chunks for level 'ServerLevel[world_nether]'/minecraft:the_nether
[15:56:55] [Server thread/INFO]: [ChunkHolderManager] Waiting 60s for chunk system to halt for world 'world_nether'
[15:56:55] [Server thread/INFO]: [ChunkHolderManager] Halted chunk system for world 'world_nether'
[15:56:55] [Server thread/INFO]: [ChunkHolderManager] Saving all chunkholders for world 'world_nether'
[15:56:55] [Server thread/INFO]: [ChunkHolderManager] Saved 0 block chunks, 21 entity chunks, 0 poi chunks in world 'world_nether' in 0.01s
[15:56:55] [Server thread/INFO]: [ChunkHolderManager] Waiting 60s for chunk I/O to halt for world 'world_nether'
[15:56:55] [Server thread/INFO]: [ChunkHolderManager] Halted I/O scheduler for world 'world_nether'
[15:56:55] [Server thread/INFO]: Saving chunks for level 'ServerLevel[world_the_end]'/minecraft:the_end
[15:56:55] [Server thread/INFO]: [ChunkHolderManager] Waiting 60s for chunk system to halt for world 'world_the_end'
[15:56:55] [Server thread/INFO]: [ChunkHolderManager] Halted chunk system for world 'world_the_end'
[15:56:55] [Server thread/INFO]: [ChunkHolderManager] Saving all chunkholders for world 'world_the_end'
[15:56:55] [Server thread/INFO]: [ChunkHolderManager] Saved 0 block chunks, 10 entity chunks, 0 poi chunks in world 'world_the_end' in 0.01s
[15:56:55] [Server thread/INFO]: [ChunkHolderManager] Waiting 60s for chunk I/O to halt for world 'world_the_end'
[15:56:55] [Server thread/INFO]: [ChunkHolderManager] Halted I/O scheduler for world 'world_the_end'
[15:56:55] [Server thread/INFO]: ThreadedAnvilChunkStorage (world): All chunks are saved
[15:56:55] [Server thread/INFO]: ThreadedAnvilChunkStorage (DIM-1): All chunks are saved
[15:56:55] [Server thread/INFO]: ThreadedAnvilChunkStorage (DIM1): All chunks are saved
[15:56:55] [Server thread/INFO]: ThreadedAnvilChunkStorage: All dimensions are saved
[15:56:55] [Server thread/INFO]: Waiting for all RegionFile I/O tasks to complete...
[15:56:55] [Server thread/INFO]: All RegionFile I/O tasks to complete
[15:56:55] [Server thread/INFO]: [MoonriseCommon] Awaiting termination of worker pool for up to 60s...
[15:56:55] [Server thread/INFO]: [MoonriseCommon] Awaiting termination of I/O pool for up to 60s...
